[2023-07-06 17:09:50] [INFO ] [CafeService:157] Imagen guardada con exitoC:\Users\Musimundo\OneDrive\Documentos\NetBeansProjects\alexandria\src\main\resources\static\uploads\argonath wallpaper.jpg
[2023-07-06 17:19:33] [INFO ] [CafeService:159] Imagen guardada con exitoC:\Users\Musimundo\OneDrive\Documentos\NetBeansProjects\alexandria\src\main\resources\static\uploads\El sidicato.jpg
[2023-07-06 17:23:04] [INFO ] [CafeService:159] Imagen guardada con exitoC:\Users\Musimundo\OneDrive\Documentos\NetBeansProjects\alexandria\src\main\resources\static\uploads\El sidicato.jpg
[2023-07-07 11:00:31] [INFO ] [CafeService:159] Imagen guardada con exitoC:\Users\Musimundo\OneDrive\Documentos\NetBeansProjects\alexandria\src\main\resources\static\img\coffee\argonath wallpaper.jpg
[2023-07-07 11:08:36] [INFO ] [CafeService:159] Imagen guardada con exitoC:\Users\Musimundo\OneDrive\Documentos\NetBeansProjects\alexandria\src\main\resources\static\img\coffee\El sidicato.jpg
[2023-07-07 11:39:57] [INFO ] [CafeService:159] Imagen guardada con exitoC:\Users\Musimundo\OneDrive\Documentos\NetBeansProjects\alexandria\src\main\resources\static\img\coffee\argonath wallpaper.jpg
[2023-07-07 11:52:46] [INFO ] [CafeService:161] Imagen guardada con exitoC:\Users\Musimundo\OneDrive\Documentos\NetBeansProjects\alexandria\src\main\resources\static\img\sweets\argonath wallpaper.jpg
[2023-07-07 11:58:31] [INFO ] [CafeService:161] Imagen guardada con exitoC:\Users\Musimundo\OneDrive\Documentos\NetBeansProjects\alexandria\src\main\resources\static\img\sweets\El sidicato.jpg
[2023-07-07 12:01:01] [INFO ] [CafeService:161] Imagen guardada con exitoC:\Users\Musimundo\OneDrive\Documentos\NetBeansProjects\alexandria\src\main\resources\static\img\sweets\sindicate.jpg
[2023-07-07 12:02:29] [INFO ] [CafeService:161] Imagen guardada con exitoC:\Users\Musimundo\OneDrive\Documentos\NetBeansProjects\alexandria\src\main\resources\static\img\sweets\sindicate.jpg
[2023-07-07 12:04:40] [INFO ] [CafeService:161] Imagen guardada con exitoC:\Users\Musimundo\OneDrive\Documentos\NetBeansProjects\alexandria\src\main\resources\static\img\sweets\sindicate.jpg
[2023-07-07 13:48:32] [INFO ] [CafeService:161] Imagen guardada con exitoC:\Users\Musimundo\OneDrive\Documentos\NetBeansProjects\alexandria\src\main\resources\static\img\sweets\Fellowship.jpg
[2023-07-07 13:59:48] [INFO ] [CafeService:161] Imagen guardada con exitoC:\Users\Musimundo\OneDrive\Documentos\NetBeansProjects\alexandria\src\main\resources\static\img\sweets\Harry Potter PDF - One Click Download All 7 Book.jpg
[2023-07-07 14:01:07] [INFO ] [CafeService:159] Imagen guardada con exitoC:\Users\Musimundo\OneDrive\Documentos\NetBeansProjects\alexandria\src\main\resources\static\img\coffee\23 Reasons You Should Never Visit Middle-Earth.jpg
[2023-07-07 14:16:55] [INFO ] [CafeService:159] Imagen guardada con exitoC:\Users\Musimundo\OneDrive\Documentos\NetBeansProjects\alexandria\src\main\resources\static\img\coffee\Numenor.jpg
[2023-07-07 19:16:57] [INFO ] [CafeService:116] Stated updated: Capuccino/false
[2023-07-07 19:25:13] [INFO ] [CafeService:116] Stated updated: Capuccino/false
[2023-07-07 19:25:17] [INFO ] [CafeService:116] Stated updated: Capuccino/true
[2023-07-07 19:25:24] [INFO ] [CafeService:116] Stated updated: Latte/false
[2023-07-07 19:25:25] [INFO ] [CafeService:116] Stated updated: Latte/true
[2023-07-07 19:25:35] [INFO ] [CafeService:116] Stated updated: Espresso/false
[2023-07-07 19:25:51] [INFO ] [CafeService:116] Stated updated: Ristretto/true
[2023-07-07 19:35:05] [INFO ] [CafeService:171] Imagen guardada con exitoC:\Users\Musimundo\OneDrive\Documentos\NetBeansProjects\alexandria\src\main\resources\static\img\sweets\Harry Potter PDF - One Click Download All 7 Book.jpg
[2023-07-10 09:24:48] [INFO ] [CafeService:116] Status updated: Negro/false
[2023-07-10 09:24:55] [INFO ] [CafeService:116] Status updated: Latte/false
[2023-07-10 09:25:25] [INFO ] [CafeService:116] Status updated: Negro/true
[2023-07-10 09:25:26] [INFO ] [CafeService:116] Status updated: Negro/false
[2023-07-10 09:25:29] [INFO ] [CafeService:116] Status updated: Capuccino/false
[2023-07-10 09:25:30] [INFO ] [CafeService:116] Status updated: Capuccino/true
[2023-07-10 09:25:31] [INFO ] [CafeService:116] Status updated: Negro/true
[2023-07-10 09:26:44] [INFO ] [CafeService:116] Status updated: Espresso/false
[2023-07-10 09:34:22] [INFO ] [CafeService:102] Status update: Cheesecake/false
[2023-07-10 09:34:24] [INFO ] [CafeService:102] Status update: Cheesecake/true
[2023-07-10 09:34:27] [INFO ] [CafeService:102] Status update: Bownie/false
[2023-07-10 09:34:28] [INFO ] [CafeService:102] Status update: Bownie/true
